Der Buildvorgang wurde am 28.07.2016 00:41:30 gestartet.
     1>Projekt "C:\Users\SeanConnery\Documents\GitHub\Meteor-Terminator\src\vcpp\MeteorTerminator.vcxproj" auf Knoten "2", Build Ziel(e).
     1>C:\Program Files (x86)\MSBuild\Microsoft.Cpp\v4.0\V110\Microsoft.CppBuild.targets(346,5): warning MSB8004: Output Directory does not end with a trailing slash.  This build instance will add the slash as it is required to allow proper evaluation of the Output Directory.
     1>ClCompile:
         D:\Microsoft Visual Studio 2012\VC\bin\CL.exe /c /IC:\Users\SeanConnery\Documents\GitHub\C++\Games\MeteorTerminator\MeteorTerminator\src\engine\SFML\include /Zi /nologo /W3 /WX- /O2 /Oi /Oy- /GL /D SFML_STATIC /D WIN32 /D NDEBUG /D _CONSOLE /D _UNICODE /D UNICODE /Gm- /EHsc /MD /GS /Gy /fp:precise /Zc:wchar_t /Zc:forScope /Fo"Release\\" /Fd"Release\vc110.pdb" /Gd /TP /analyze- /errorReport:prompt ..\engine\Commandhandler.cpp ..\engine\Engine.cpp ..\engine\Main.cpp ..\engine\Security.cpp ..\gamecode\Asteroid.cpp ..\gamecode\AsteroidManager.cpp ..\gamecode\Collision.cpp ..\gamecode\CollisionSystem.cpp ..\gamecode\Player.cpp ..\gamecode\Shot.cpp ..\gamecode\Weapon.cpp
         Commandhandler.cpp
         Engine.cpp
     1>..\engine\Engine.cpp(64): warning C4244: 'Argument': Konvertierung von 'unsigned int' in 'float', möglicher Datenverlust
     1>..\engine\Engine.cpp(65): warning C4305: 'Argument': Verkürzung von 'double' in 'float'
         Main.cpp
         Security.cpp
         Asteroid.cpp
     1>..\gamecode\Asteroid.cpp(28): warning C4244: 'Argument': Konvertierung von 'unsigned int' in 'float', möglicher Datenverlust
     1>..\gamecode\Asteroid.cpp(46): warning C4244: 'Argument': Konvertierung von 'unsigned int' in 'float', möglicher Datenverlust
     1>..\gamecode\Asteroid.cpp(89): warning C4244: 'Argument': Konvertierung von 'float' in 'int', möglicher Datenverlust
         AsteroidManager.cpp
     1>..\gamecode\AsteroidManager.cpp(54): warning C4244: '=': Konvertierung von 'float' in 'int', möglicher Datenverlust
     1>..\gamecode\AsteroidManager.cpp(59): warning C4244: '=': Konvertierung von 'float' in 'int', möglicher Datenverlust
     1>..\gamecode\AsteroidManager.cpp(69): warning C4244: 'Argument': Konvertierung von 'int' in 'float', möglicher Datenverlust
         Collision.cpp
     1>..\gamecode\Collision.cpp(225): warning C4244: 'Argument': Konvertierung von 'int' in 'float', möglicher Datenverlust
     1>..\gamecode\Collision.cpp(226): warning C4244: 'Argument': Konvertierung von 'int' in 'float', möglicher Datenverlust
     1>..\gamecode\Collision.cpp(227): warning C4244: 'Argument': Konvertierung von 'int' in 'float', möglicher Datenverlust
         CollisionSystem.cpp
         Player.cpp
     1>..\gamecode\Player.cpp(48): warning C4244: 'Argument': Konvertierung von 'unsigned int' in 'float', möglicher Datenverlust
     1>..\gamecode\Player.cpp(50): warning C4305: 'Argument': Verkürzung von 'double' in 'float'
     1>..\gamecode\Player.cpp(54): warning C4244: 'Argument': Konvertierung von 'unsigned int' in 'float', möglicher Datenverlust
     1>..\gamecode\Player.cpp(56): warning C4305: 'Argument': Verkürzung von 'double' in 'float'
     1>..\gamecode\Player.cpp(60): warning C4244: 'Argument': Konvertierung von 'unsigned int' in 'float', möglicher Datenverlust
     1>..\gamecode\Player.cpp(62): warning C4305: 'Argument': Verkürzung von 'double' in 'float'
     1>..\gamecode\Player.cpp(83): warning C4305: 'Argument': Verkürzung von 'double' in 'float'
     1>..\gamecode\Player.cpp(88): warning C4305: 'Argument': Verkürzung von 'double' in 'float'
     1>..\gamecode\Player.cpp(100): warning C4305: 'Argument': Verkürzung von 'double' in 'float'
     1>..\gamecode\Player.cpp(105): warning C4305: 'Argument': Verkürzung von 'double' in 'float'
     1>..\gamecode\Player.cpp(110): warning C4305: 'Argument': Verkürzung von 'double' in 'float'
     1>..\gamecode\Player.cpp(115): warning C4305: 'Argument': Verkürzung von 'double' in 'float'
     1>..\gamecode\Player.cpp(120): warning C4305: 'Argument': Verkürzung von 'double' in 'float'
     1>..\gamecode\Player.cpp(125): warning C4305: 'Argument': Verkürzung von 'double' in 'float'
     1>..\gamecode\Player.cpp(146): warning C4244: 'Argument': Konvertierung von 'unsigned int' in 'float', möglicher Datenverlust
     1>..\gamecode\Player.cpp(147): warning C4305: 'Argument': Verkürzung von 'double' in 'float'
     1>..\gamecode\Player.cpp(154): warning C4244: 'Argument': Konvertierung von 'unsigned int' in 'float', möglicher Datenverlust
     1>..\gamecode\Player.cpp(155): warning C4305: 'Argument': Verkürzung von 'double' in 'float'
     1>..\gamecode\Player.cpp(170): warning C4305: 'Argument': Verkürzung von 'double' in 'float'
     1>..\gamecode\Player.cpp(171): warning C4244: 'Argument': Konvertierung von 'unsigned int' in 'float', möglicher Datenverlust
     1>..\gamecode\Player.cpp(173): warning C4305: 'Argument': Verkürzung von 'double' in 'float'
     1>..\gamecode\Player.cpp(174): warning C4244: 'Argument': Konvertierung von 'unsigned int' in 'float', möglicher Datenverlust
     1>..\gamecode\Player.cpp(198): warning C4244: '=': Konvertierung von 'const float' in 'int', möglicher Datenverlust
     1>..\gamecode\Player.cpp(215): warning C4305: '=': Verkürzung von 'double' in 'float'
     1>..\gamecode\Player.cpp(325): warning C4305: 'Argument': Verkürzung von 'double' in 'float'
     1>..\gamecode\Player.cpp(379): warning C4305: 'Argument': Verkürzung von 'double' in 'float'
     1>..\gamecode\Player.cpp(392): warning C4804: '>': unsichere Verwendung des Typs 'bool' in einer Operation
     1>..\gamecode\Player.cpp(614): warning C4244: 'Argument': Konvertierung von 'const float' in 'sf::Uint8', möglicher Datenverlust
     1>..\gamecode\Player.cpp(623): warning C4244: 'Argument': Konvertierung von 'float' in 'int', möglicher Datenverlust
     1>..\gamecode\Player.cpp(624): warning C4244: 'Argument': Konvertierung von 'float' in 'int', möglicher Datenverlust
         Shot.cpp
     1>..\gamecode\Shot.cpp(22): warning C4244: 'Argument': Konvertierung von 'unsigned int' in 'float', möglicher Datenverlust
     1>..\gamecode\Shot.cpp(24): warning C4305: 'Argument': Verkürzung von 'double' in 'float'
     1>..\gamecode\Shot.cpp(35): warning C4244: 'Argument': Konvertierung von 'double' in 'float', möglicher Datenverlust
         Weapon.cpp
     1>..\gamecode\Weapon.cpp(33): warning C4305: 'Argument': Verkürzung von 'double' in 'float'
     1>..\gamecode\Weapon.cpp(38): warning C4305: 'Argument': Verkürzung von 'double' in 'float'
     1>..\gamecode\Weapon.cpp(76): warning C4244: 'Argument': Konvertierung von 'unsigned int' in 'float', möglicher Datenverlust
     1>..\gamecode\Weapon.cpp(78): warning C4305: 'Argument': Verkürzung von 'double' in 'float'
     1>..\gamecode\Weapon.cpp(92): warning C4305: '=': Verkürzung von 'double' in 'float'
     1>..\gamecode\Weapon.cpp(93): warning C4305: '=': Verkürzung von 'double' in 'float'
     1>..\gamecode\Weapon.cpp(98): warning C4244: '=': Konvertierung von 'unsigned int' in 'float', möglicher Datenverlust
     1>..\gamecode\Weapon.cpp(162): warning C4244: 'Argument': Konvertierung von 'double' in 'float', möglicher Datenverlust
     1>..\gamecode\Weapon.cpp(211): warning C4305: 'Argument': Verkürzung von 'double' in 'float'
     1>..\gamecode\Weapon.cpp(214): warning C4244: 'Argument': Konvertierung von 'float' in 'int', möglicher Datenverlust
       Link:
         D:\Microsoft Visual Studio 2012\VC\bin\link.exe /ERRORREPORT:PROMPT /OUT:"..\..\MeteorTerminator.exe" /INCREMENTAL:NO /NOLOGO "sfml-graphics-s.lib" "sfml-window-s.lib" "sfml-audio-s.lib" "sfml-network-s.lib" "sfml-system-s.lib" kernel32.lib user32.lib gdi32.lib winspool.lib comdlg32.lib advapi32.lib shell32.lib ole32.lib oleaut32.lib uuid.lib odbc32.lib odbccp32.lib /MANIFEST /MANIFESTUAC:"level='asInvoker' uiAccess='false'" /manifest:embed /DEBUG /PDB:"..\..\MeteorTerminator.pdb" /SUBSYSTEM:CONSOLE /OPT:REF /OPT:ICF /LTCG /TLBID:1 /DYNAMICBASE /NXCOMPAT /IMPLIB:"..\..\MeteorTerminator.lib" /MACHINE:X86 /SAFESEH Release\Commandhandler.obj
         Release\Engine.obj
         Release\Main.obj
         Release\Security.obj
         Release\Asteroid.obj
         Release\AsteroidManager.obj
         Release\Collision.obj
         Release\CollisionSystem.obj
         Release\Player.obj
         Release\Shot.obj
         Release\Weapon.obj
         Code wird generiert.
         Codegenerierung ist abgeschlossen.
         MeteorTerminator.vcxproj -> C:\Users\SeanConnery\Documents\GitHub\Meteor-Terminator\src\vcpp\..\..\MeteorTerminator.exe
     1>Die Erstellung des Projekts "C:\Users\SeanConnery\Documents\GitHub\Meteor-Terminator\src\vcpp\MeteorTerminator.vcxproj" ist abgeschlossen, Build Ziel(e).

Build erfolgreich.

Verstrichene Zeit 00:00:17.96
