Der Buildvorgang wurde am 27.07.2016 20:48:07 gestartet.
     1>Projekt "C:\Users\SeanConnery\Documents\GitHub\C++\Games\MeteorTerminator\MeteorTerminator\MeteorTerminator.vcxproj" auf Knoten "2", Build Ziel(e).
     1>ClCompile:
         D:\Microsoft Visual Studio 2012\VC\bin\CL.exe /c /IC:\Users\SeanConnery\Documents\GitHub\C++\Games\MeteorTerminator\MeteorTerminator\src\engine\SFML\include /Zi /nologo /W3 /WX- /O2 /Oi /Oy- /GL /D SFML_STATIC /D WIN32 /D NDEBUG /D _CONSOLE /D _UNICODE /D UNICODE /Gm- /EHsc /MD /GS /Gy /fp:precise /Zc:wchar_t /Zc:forScope /Fo"Release\\" /Fd"Release\vc110.pdb" /Gd /TP /analyze- /errorReport:prompt Engine.cpp
         Engine.cpp
     1>Engine.cpp(62): warning C4244: 'Argument': Konvertierung von 'unsigned int' in 'float', möglicher Datenverlust
     1>Engine.cpp(63): warning C4305: 'Argument': Verkürzung von 'double' in 'float'
       Link:
         D:\Microsoft Visual Studio 2012\VC\bin\link.exe /ERRORREPORT:PROMPT /OUT:"C:\Users\SeanConnery\Documents\GitHub\C++\Games\MeteorTerminator\Release\MeteorTerminator.exe" /INCREMENTAL:NO /NOLOGO "sfml-graphics-s.lib" "sfml-window-s.lib" "sfml-audio-s.lib" "sfml-network-s.lib" "sfml-system-s.lib" kernel32.lib user32.lib gdi32.lib winspool.lib comdlg32.lib advapi32.lib shell32.lib ole32.lib oleaut32.lib uuid.lib odbc32.lib odbccp32.lib /MANIFEST /MANIFESTUAC:"level='asInvoker' uiAccess='false'" /manifest:embed /DEBUG /PDB:"C:\Users\SeanConnery\Documents\GitHub\C++\Games\MeteorTerminator\Release\MeteorTerminator.pdb" /SUBSYSTEM:CONSOLE /OPT:REF /OPT:ICF /LTCG /TLBID:1 /DYNAMICBASE /NXCOMPAT /IMPLIB:"C:\Users\SeanConnery\Documents\GitHub\C++\Games\MeteorTerminator\Release\MeteorTerminator.lib" /MACHINE:X86 /SAFESEH Release\Asteroid.obj
         Release\AsteroidManager.obj
         Release\Collision.obj
         Release\CollisionSystem.obj
         Release\Commandhandler.obj
         Release\Engine.obj
         Release\Main.obj
         Release\Player.obj
         Release\Security.obj
         Release\Shot.obj
         Release\Weapon.obj
         Code wird generiert.
         Codegenerierung ist abgeschlossen.
         MeteorTerminator.vcxproj -> C:\Users\SeanConnery\Documents\GitHub\C++\Games\MeteorTerminator\Release\MeteorTerminator.exe
     1>Die Erstellung des Projekts "C:\Users\SeanConnery\Documents\GitHub\C++\Games\MeteorTerminator\MeteorTerminator\MeteorTerminator.vcxproj" ist abgeschlossen, Build Ziel(e).

Build erfolgreich.

Verstrichene Zeit 00:00:03.95
